<?xml version="1.0" encoding="UTF-8" ?>
<testsuite errors="1" skipped="0" tests="1" time="0.071" failures="0" name="org.drools.assistant.DRLAssistantTest">
  <properties>
[...]
</properties>
  <testcase classname="org.drools.assistant.DRLAssistantTest" time="0.009" name="testCreation">
    <error type="java.lang.ClassCastException" message="java.util.ArrayList">java.lang.ClassCastException: java.util.ArrayList
	at org.drools.assistant.processor.DRLRefactorProcessor.getRuleAssistant(DRLRefactorProcessor.java:15)
	at org.drools.assistant.DRLAssistantTest.testCreation(DRLAssistantTest.java:17)
</error>
  </testcase>
</testsuite>